<?xml version="1.0" encoding="UTF-8"?>
<testng-results skipped="0" failed="0" ignored="0" total="3" passed="3">
  <reporter-output>
  </reporter-output>
  <suite name="Default suite" duration-ms="244" started-at="2019-02-18T12:09:08Z" finished-at="2019-02-18T12:09:09Z">
    <groups>
    </groups>
    <test name="Default test" duration-ms="244" started-at="2019-02-18T12:09:08Z" finished-at="2019-02-18T12:09:09Z">
      <class name="com.JenkinsIntTest.SampleLogics">
        <test-method status="PASS" signature="addTest()[pri:0, instance:com.JenkinsIntTest.SampleLogics@100fc185]" name="addTest" duration-ms="17" started-at="2019-02-18T12:09:09Z" finished-at="2019-02-18T12:09:09Z">
          <reporter-output>
          </reporter-output>
        </test-method> <!-- addTest -->
        <test-method status="PASS" signature="mulTest()[pri:0, instance:com.JenkinsIntTest.SampleLogics@100fc185]" name="mulTest" duration-ms="2" started-at="2019-02-18T12:09:09Z" finished-at="2019-02-18T12:09:09Z">
          <reporter-output>
          </reporter-output>
        </test-method> <!-- mulTest -->
        <test-method status="PASS" signature="subTest()[pri:0, instance:com.JenkinsIntTest.SampleLogics@100fc185]" name="subTest" duration-ms="4" started-at="2019-02-18T12:09:09Z" finished-at="2019-02-18T12:09:09Z">
          <reporter-output>
          </reporter-output>
        </test-method> <!-- subTest -->
      </class> <!-- com.JenkinsIntTest.SampleLogics -->
    </test> <!-- Default test -->
  </suite> <!-- Default suite -->
</testng-results>
