<?xml version="1.0" encoding="UTF-8"?>
<!-- Generated by org.testng.reporters.JUnitXMLReporter -->
<testsuite hostname="MB51173.local" ignored="0" name="Command line test" tests="3" failures="0" timestamp="18 Feb 2019 13:03:08 GMT" time="0.042" errors="0">
  <testcase name="addTest" time="0.013" classname="com.JenkinsIntTest.SampleLogicsTest"/>
  <testcase name="mulTest" time="0.0" classname="com.JenkinsIntTest.SampleLogicsTest"/>
  <testcase name="subTest" time="0.0" classname="com.JenkinsIntTest.SampleLogicsTest"/>
</testsuite> <!-- Command line test -->
