<?xml version="1.0" encoding="UTF-8"?>
<!-- Generated by org.testng.reporters.JUnitXMLReporter -->
<testsuite hostname="MB51173.local" ignored="0" name="Default test" tests="3" failures="0" timestamp="18 Feb 2019 12:09:09 GMT" time="0.244" errors="0">
  <testcase name="addTest" time="0.017" classname="com.JenkinsIntTest.SampleLogics"/>
  <testcase name="mulTest" time="0.002" classname="com.JenkinsIntTest.SampleLogics"/>
  <testcase name="subTest" time="0.004" classname="com.JenkinsIntTest.SampleLogics"/>
</testsuite> <!-- Default test -->
